C:\Project\SchoolManagementSystem\BusinessService.Data\BusinessServiceDbContext.cs
OnConfiguring 15
OnConfiguring -1

C:\Project\SchoolManagementSystem\BusinessService.Data\Migrations\20200509073342_createBD.cs
Up 6
Up -1
Down 5
Down -1

C:\Project\SchoolManagementSystem\BusinessService.Data\Migrations\20200509073342_createBD.Designer.cs
BuildTargetModel 4
BuildTargetModel -1

C:\Project\SchoolManagementSystem\BusinessService.Data\Migrations\BusinessServiceDbContextModelSnapshot.cs
BuildModel 35
BuildModel -1

C:\Project\SchoolManagementSystem\BusinessService.Data\Program.cs
Main 4
Main -1

C:\Project\SchoolManagementSystem\BusinessService.Data\Repositories\ClassRepository.cs
update 3
update -1

C:\Project\SchoolManagementSystem\BusinessService.Data\Repositories\CourseRepository.cs
update 4
update -1

C:\Project\SchoolManagementSystem\BusinessService.Data\Repositories\Repository.cs
Get 3
Get -1
GetAll 7
GetAll -1
Add 8
Add -1
Delete 12
Delete -1

C:\Project\SchoolManagementSystem\BusinessService.Data\Repositories\SchoolRepository.cs
update 4
update -1

C:\Project\SchoolManagementSystem\BusinessService.Data\Repositories\StudentRepository.cs
GetStudentWithAcademicDetails 4
GetStudentWithAcademicDetails -1
GetAllStudentsDetails 5
GetAllStudentsDetails -1
GetStudentsBySchoolId 3
GetStudentsBySchoolId -1
update 4
update -1

C:\Users\cognizantdotnet17\AppData\Local\Temp\.NETCoreApp,Version=v3.1.AssemblyAttributes.cs

C:\Project\SchoolManagementSystem\BusinessService.Data\obj\Debug\netcoreapp3.1\BusinessService.Data.AssemblyInfo.cs

